## **EXPLAIN, ANALYZE 쿼리**

쿼리의 성능을 분석하고 최적화할 때 사용하는 도구.

## 1. EXPLAIN 쿼리

- 데이터베이스가 특정 쿼리를 실행하기 전에, 해당 쿼리의  **실행 계획(Execution Plan)**을 보여줌
- 쿼리가 어떻게 동작할지 예측하고, 비효율적인 부분을 발견해 최적화하는 데 사용
- `EXPLAIN`은 **"이 쿼리가 이렇게 실행됩니다"**라는 정보를 보여주는 역할만 한다.

 **실행 계획(Execution Plan)** : 데이터베이스가 쿼리를 실행할 때 사용하는 계획

- 어떤 테이블에서 데이터를 읽는지
- 어떤 인덱스를 사용하는지
- 데이터를 읽는 순서(조인 순서)
- 사용되는 작업의 종류(스캔, 정렬, 필터링 등)

사용 방법

```sql
EXPLAIN SELECT * FROM employees WHERE department = 'Sales';
```

**실행 계획 주요 정보**

1. **id** : 실행 단계(순서)를 나타냄
2. **select_type** : 쿼리의 유형(간단한 select, 서브쿼리, UNION 등)
3. **table** : 접근 대상 테이블
4. **type** : 접근 방식(ALL, index, range, ref, eq_ref 등). 효율성의 척도
    - ALL : 전체 테이블 스캔 (비효율적)
    - index : 인덱스만 스캔
    - range : 조건에 해당하는 범위만 읽음
    - ref : 특정 값 참조
    - eq_ref : 인덱스를 통한 정확한 매칭
5. **possible_keys** : 사용할 수 있는 인덱스
6. **key** : 실제로 사용된 인덱스
7. **rows** : 추정 읽기 행 수 (숫자가 작을수록 효율적)
8. **extra** : 추가적인 정보(정렬, 필터링 등)

## 2. ALALYZE 쿼리

쿼리를 실제로 실행한 뒤, 실제 실행 시간과 행의 처리량 등의 정보를 제공

EXPLAIN의 이론적 계획이 아니라, 실제 실행에서 무엇이 일어났는지 확인할 수 있음

사용방법

```sql
EXPLAIN ANALYZE SELECT * FROM employees WHERE department = 'Sales';
```

EXPLAIN : 실행 계획만 제공 (추정치 기반)

ANALYZE : 쿼리를 실제 실행하고 실질적인 결과를 보여줌 (실제 소요 시간 포함)

## 3. 실습

1. **테이블 세팅**

```sql
CREATE TABLE students (
    id INT AUTO_INCREMENT PRIMARY KEY,
    name VARCHAR(100) NOT NULL,
    birth_date DATE NOT NULL,
    grade_level INT NOT NULL
);

CREATE TABLE courses (
    id INT AUTO_INCREMENT PRIMARY KEY,
    title VARCHAR(100) NOT NULL,
    teacher VARCHAR(100) NOT NULL
);

CREATE TABLE enrollments (
    id INT AUTO_INCREMENT PRIMARY KEY,
    student_id INT NOT NULL,
    course_id INT NOT NULL,
    enrollment_date DATE NOT NULL,
    FOREIGN KEY (student_id) REFERENCES students(id),
    FOREIGN KEY (course_id) REFERENCES courses(id)
);

INSERT INTO students (name, birth_date, grade_level)
VALUES
    ('yuni', '1998-12-29', 4),
    ('dante', '2001-11-11', 1),
    ('covy', '2002-01-17', 3),
    ('yoa', '1999-08-11', 4),
    ('teddy', '1999-02-16', 2);

INSERT INTO courses (title, teacher)
VALUES
    ('데이터베이스', '제프'),
    ('알고리즘', '보이드'),
    ('운영체재', '레오');

INSERT INTO enrollments (student_id, course_id, enrollment_date)
VALUES
    (1, 1, '2024-01-10'),
    (1, 2, '2024-01-15'),
    (2, 1, '2024-01-12'),
    (4, 2, '2024-01-12'),
    (5, 3, '2024-01-22'),
    (3, 3, '2024-01-20');
```

### **EXPLAIN 쿼리 실행 예시 1**

**students** 테이블에서 `grade_level = 4`인 학생들을 검색

```sql
EXPLAIN SELECT * FROM students WHERE grade_level = 4;
```

**(1) 결과** 

| **id** | **select_type** | **table** | **type** | **possible_keys** | **key** | **key_len** | **ref** | **rows** | **Extra** |
| --- | --- | --- | --- | --- | --- | --- | --- | --- | --- |
| 1 | SIMPLE | students | ALL | NULL | NULL | NULL | NULL | 5 | Using where |

**(2) 해석**

- `type=ALL` : 전체 테이블 스캔
- `Extra=Using where`: 조건(`grade_level = 4`)이 적용됨.

**(3) 개선 방안** 

type이 ALL이므로 성능 개선을 위해 인덱스 추가를 고려 (위의 예시는 테이블 크기가 작아서 불필요할 수 있지만, 테이블 크기가 크다면 고려해보자)

---

### **EXPLAIN 쿼리 실행 예시 2**

**enrollments** 테이블과 **courses** 테이블을 조인한 뒤, `student_id = 1`인 학생이 등록한 강의를 조회

```sql
EXPLAIN
SELECT c.title, e.enrollment_date
FROM enrollments e
JOIN courses c ON e.course_id = c.id
WHERE e.student_id = 1;
```

**(1) 결과** 

| **id** | **select_type** | **table** | **partitions** | **type** | **possible_keys** | **key** | **key_len** | **ref** | **rows** | **filtered** | **Extra** |
| --- | --- | --- | --- | --- | --- | --- | --- | --- | --- | --- | --- |
| 1 | SIMPLE | enrollments | null | ref | student_id,course_id | student_id | 4 | const | 2 | 100 | null |
| 1 | SIMPLE | courses | null | eq_ref | PRIMARY | PRIMARY | 4 | deepdive.e.course_id | 1 | 100 | null |

**(2) 해석**

- `type=ref`: `enrollments`에서 `student_id` 인덱스를 사용해 효율적으로 검색.
- `type=eq_ref`: `courses` 테이블에서 `PRIMARY` 키를 사용한 정확한 매칭.

### ALALYZE 쿼리 실행 예시 1

학생 테이블에서 학년별 데이터 검색

```sql
EXPLAIN ANALYZE SELECT * FROM students WHERE grade_level = 4;
```

**(1) 실행 결과**

| **EXPLAIN** |
| --- |
| -> Filter: (students.grade_level = 4)  (cost=0.75 rows=1) (actual time=0.0953..0.0999 rows=2 loops=1)
-> Table scan on students  (cost=0.75 rows=5) (actual time=0.0938..0.0974 rows=5 loops=1)
 |

**(2) 해석**

- `Filter`: 조건(`grade_level = 4`)로 행 필터링.
- `Table scan`: 전체 테이블 스캔.

**(3) 개선 방안**

인덱스 추가로 `Filter` 대신 `Index lookup` 유도.

### ALALYZE 쿼리 실행 예시 2

학생 ID로 수강 과목 조회

```sql
EXPLAIN ANALYZE
SELECT c.title, e.enrollment_date
FROM enrollments e
JOIN courses c ON e.course_id = c.id
WHERE e.student_id = 1;
```

**(1) 실행 결과**

| **EXPLAIN** |
| --- |
| -> Nested loop inner join  (cost=1.4 rows=2) (actual time=0.084..0.0875 rows=2 loops=1)
-> Index lookup on e using student_id (student_id=1)  (cost=0.7 rows=2) (actual time=0.0556..0.0575 rows=2 loops=1)
-> Single-row index lookup on c using PRIMARY (id=e.course_id)  (cost=0.3 rows=1) (actual time=0.0143..0.0143 rows=1 loops=2) |

**(2) 해석**

- `Index lookup on e`: `student_id` 인덱스로 효율적 검색.
- `Nested loop join`: `enrollments.course_id`와 `courses.id`의 정확한 매칭.

**(3) 개선 방안**

현재 쿼리는 최적화 상태. 데이터 크기 증가 시, 캐싱이나 조인 방식 최적화 고려.

## 3. 정리

|  | **EXPLAIN** | **ANALYZE** |
| --- | --- | --- |
| **목적** | 실행 계획 확인 | 실제 실행 결과 확인 |
| **결과** | 예상치 기반 | 실제 실행 시간 및 처리량 정보 제공 |
| **수행 여부** | 쿼리를 실행하지 않음 | 쿼리를 실행하고 실행 시간 측정 |

EXPLAIN과 ANALYZE는 데이터가 커지거나, 성능 병목이 발생할 때 문제를 빠르게 해결하는 데 필수적이다.

EXPLAIN과 ANALYZE를 활용해 효율적으로 데이터베이스를 운영해보자.
